Removed Pin From Net: NetName=220_1 Pin=P?-2
Added Component: Designator=RL?(Relay 5 Chan SRD)
Add component (AddParameter): Name = "Ma_Hang"; Value = "MH009374"; VariantName = "[No Variations]"
Add component (AddParameter): Name = "Ten"; Value = "Relay 5V10A SRD-05VDC-SL-C Chính Hãng"; VariantName = "[No Variations]"
Added Pin To Net: NetName=220_2 Pin=P?-2
Added Pin To Net: NetName=220_1 Pin=RL?-2
Added Pin To Net: NetName=+5 Pin=RL?-5
Added Member To Class: ClassName=Sheet2 Member=Component BTN? Nut Nhan 2 Chan SMD 3x6x2.5
Added Member To Class: ClassName=Sheet2 Member=Component BTN? Nut Nhan 2 Chan SMD 3x6x2.5
Added Member To Class: ClassName=Sheet2 Member=Component BTN? Nut Nhan 2 Chan SMD 3x6x2.5
Added Member To Class: ClassName=Sheet2 Member=Component C? 470uF
Added Member To Class: ClassName=Sheet2 Member=Component C? 0.1uF
Added Member To Class: ClassName=Sheet2 Member=Component C? 10uF
Added Member To Class: ClassName=Sheet2 Member=Component C? 47uF
Added Member To Class: ClassName=Sheet2 Member=Component C? 0.1uF
Added Member To Class: ClassName=Sheet2 Member=Component C? 104
Added Member To Class: ClassName=Sheet2 Member=Component C? 4.7uF
Added Member To Class: ClassName=Sheet2 Member=Component C? 4.7uF
Added Member To Class: ClassName=Sheet2 Member=Component C? 1000uF
Added Member To Class: ClassName=Sheet2 Member=Component C? 0.1uF
Added Member To Class: ClassName=Sheet2 Member=Component C? 0.1uF
Added Member To Class: ClassName=Sheet2 Member=Component C? 0.1uF
Added Member To Class: ClassName=Sheet2 Member=Component C? 4.7uF
Added Member To Class: ClassName=Sheet2 Member=Component C? 15pF
Added Member To Class: ClassName=Sheet2 Member=Component C? 15pF
Added Member To Class: ClassName=Sheet2 Member=Component C? 106
Added Member To Class: ClassName=Sheet2 Member=Component D? SS34
Added Member To Class: ClassName=Sheet2 Member=Component D? 1N4007
Added Member To Class: ClassName=Sheet2 Member=Component D? 12V
Added Member To Class: ClassName=Sheet2 Member=Component D? 2A 1000v
Added Member To Class: ClassName=Sheet2 Member=Component D? SS34
Added Member To Class: ClassName=Sheet2 Member=Component D? MBRA160T3G
Added Member To Class: ClassName=Sheet2 Member=Component D? SS34
Added Member To Class: ClassName=Sheet2 Member=Component D? P6KE200A
Added Member To Class: ClassName=Sheet2 Member=Component J? HEAD15-NOSS-1
Added Member To Class: ClassName=Sheet2 Member=Component J? Header 3X2
Added Member To Class: ClassName=Sheet2 Member=Component J? HEAD15-NOSS
Added Member To Class: ClassName=Sheet2 Member=Component JP? JP2
Added Member To Class: ClassName=Sheet2 Member=Component L? 100uH 3A
Added Member To Class: ClassName=Sheet2 Member=Component P? CON 2 EDG5.08
Added Member To Class: ClassName=Sheet2 Member=Component P? CON 2 EDG5.08
Added Member To Class: ClassName=Sheet2 Member=Component P? CON 2 EDG5.08
Added Member To Class: ClassName=Sheet2 Member=Component Q? IRFZ44
Added Member To Class: ClassName=Sheet2 Member=Component Q? IRFZ44
Added Member To Class: ClassName=Sheet2 Member=Component R? 4.7k
Added Member To Class: ClassName=Sheet2 Member=Component R? 680R
Added Member To Class: ClassName=Sheet2 Member=Component R? 10k
Added Member To Class: ClassName=Sheet2 Member=Component R? 100R
Added Member To Class: ClassName=Sheet2 Member=Component R? 1k
Added Member To Class: ClassName=Sheet2 Member=Component R? 1k
Added Member To Class: ClassName=Sheet2 Member=Component R? 4.7k
Added Member To Class: ClassName=Sheet2 Member=Component R? 4.7k
Added Member To Class: ClassName=Sheet2 Member=Component R? 22R
Added Member To Class: ClassName=Sheet2 Member=Component R? 100R
Added Member To Class: ClassName=Sheet2 Member=Component R? 680R
Added Member To Class: ClassName=Sheet2 Member=Component R? 680R
Added Member To Class: ClassName=Sheet2 Member=Component R? 680R
Added Member To Class: ClassName=Sheet2 Member=Component R? 10k
Added Member To Class: ClassName=Sheet2 Member=Component R? 1k
Added Member To Class: ClassName=Sheet2 Member=Component R? 10k
Added Member To Class: ClassName=Sheet2 Member=Component R? 680R
Added Member To Class: ClassName=Sheet2 Member=Component R? 680R
Added Member To Class: ClassName=Sheet2 Member=Component R? 100R
Added Member To Class: ClassName=Sheet2 Member=Component R? 1k
Added Member To Class: ClassName=Sheet2 Member=Component R? 680R
Added Member To Class: ClassName=Sheet2 Member=Component R? 10k
Added Member To Class: ClassName=Sheet2 Member=Component R? 680R
Added Member To Class: ClassName=Sheet2 Member=Component R? 10k
Added Member To Class: ClassName=Sheet2 Member=Component R? 10k
Added Member To Class: ClassName=Sheet2 Member=Component RL? RelayHF46
Added Member To Class: ClassName=Sheet2 Member=Component RL? Relay
Added Member To Class: ClassName=Sheet2 Member=Component U? OPTO PC817 SMD
Added Member To Class: ClassName=Sheet2 Member=Component U? ATMEGA168-20AU
Added Member To Class: ClassName=Sheet2 Member=Component U? OPTO PC817 SMD
Added Member To Class: ClassName=Sheet2 Member=Component U? OPTO PC817 DIP4
Added Member To Class: ClassName=Sheet2 Member=Component U? OPTO PC817 SMD
Added Member To Class: ClassName=Sheet2 Member=Component U? OPTO PC817 SMD
